2014-04-13 16:54:18,176 - Default ResourceManager initializing. (class org.apache.velocity.runtime.resource.ResourceManagerImpl)
2014-04-13 16:54:18,179 - Resource Loader Instantiated: org.apache.velocity.runtime.resource.loader.ClasspathResourceLoader
2014-04-13 16:54:18,179 - ClasspathResourceLoader : initialization starting.
2014-04-13 16:54:18,179 - ClasspathResourceLoader : initialization complete.
2014-04-13 16:54:18,181 - ResourceCache : initialized. (class org.apache.velocity.runtime.resource.ResourceCacheImpl)
2014-04-13 16:54:18,181 - Default ResourceManager initialization complete.
2014-04-13 16:54:18,184 - Loaded System Directive: org.apache.velocity.runtime.directive.Literal
2014-04-13 16:54:18,186 - Loaded System Directive: org.apache.velocity.runtime.directive.Macro
2014-04-13 16:54:18,189 - Loaded System Directive: org.apache.velocity.runtime.directive.Parse
2014-04-13 16:54:18,192 - Loaded System Directive: org.apache.velocity.runtime.directive.Include
2014-04-13 16:54:18,193 - Loaded System Directive: org.apache.velocity.runtime.directive.Foreach
2014-04-13 16:54:18,222 - Created: 20 parsers.
2014-04-13 16:54:18,233 - Velocimacro : initialization starting.
2014-04-13 16:54:18,233 - Velocimacro : adding VMs from VM library template : VM_global_library.vm
2014-04-13 16:54:18,247 - ResourceManager : unable to find resource 'VM_global_library.vm' in any resource loader.
2014-04-13 16:54:18,247 - Velocimacro : error using  VM library template VM_global_library.vm : org.apache.velocity.exception.ResourceNotFoundException: Unable to find resource 'VM_global_library.vm'
2014-04-13 16:54:18,247 - Velocimacro :  VM library template macro registration complete.
2014-04-13 16:54:18,247 - Velocimacro : allowInline = true : VMs can be defined inline in templates
2014-04-13 16:54:18,247 - Velocimacro : allowInlineToOverride = false : VMs defined inline may NOT replace previous VM definitions
2014-04-13 16:54:18,247 - Velocimacro : allowInlineLocal = false : VMs defined inline will be  global in scope if allowed.
2014-04-13 16:54:18,247 - Velocimacro : messages on  : VM system will output logging messages
2014-04-13 16:54:18,247 - Velocimacro : autoload off  : VM system will not automatically reload global library macros
2014-04-13 16:54:18,247 - Velocimacro : initialization complete.
2014-04-13 16:54:18,247 - Velocity successfully started.
2014-04-13 16:56:13,842 - ResourceManager : found repast/simphony/scenario/Scenario.vt with loader org.apache.velocity.runtime.resource.loader.ClasspathResourceLoader
2014-04-13 17:00:19,087 - SimpleLog4JLogSystem initialized using logfile 'velocity.log'
2014-04-13 17:00:19,087 - ************************************************************** 
2014-04-13 17:00:19,087 - Starting Jakarta Velocity v1.4
2014-04-13 17:00:19,087 - RuntimeInstance initializing.
2014-04-13 17:00:19,087 - Default Properties File: org\apache\velocity\runtime\defaults\velocity.properties
2014-04-13 17:00:19,087 - Trying to use logger class org.apache.velocity.runtime.log.SimpleLog4JLogSystem
2014-04-13 17:00:19,088 - Using logger class org.apache.velocity.runtime.log.SimpleLog4JLogSystem
2014-04-13 17:00:19,091 - Default ResourceManager initializing. (class org.apache.velocity.runtime.resource.ResourceManagerImpl)
2014-04-13 17:00:19,094 - Resource Loader Instantiated: org.apache.velocity.runtime.resource.loader.ClasspathResourceLoader
2014-04-13 17:00:19,095 - ClasspathResourceLoader : initialization starting.
2014-04-13 17:00:19,095 - ClasspathResourceLoader : initialization complete.
2014-04-13 17:00:19,097 - ResourceCache : initialized. (class org.apache.velocity.runtime.resource.ResourceCacheImpl)
2014-04-13 17:00:19,097 - Default ResourceManager initialization complete.
2014-04-13 17:00:19,099 - Loaded System Directive: org.apache.velocity.runtime.directive.Literal
2014-04-13 17:00:19,101 - Loaded System Directive: org.apache.velocity.runtime.directive.Macro
2014-04-13 17:00:19,105 - Loaded System Directive: org.apache.velocity.runtime.directive.Parse
2014-04-13 17:00:19,107 - Loaded System Directive: org.apache.velocity.runtime.directive.Include
2014-04-13 17:00:19,108 - Loaded System Directive: org.apache.velocity.runtime.directive.Foreach
2014-04-13 17:00:19,138 - Created: 20 parsers.
2014-04-13 17:00:19,149 - Velocimacro : initialization starting.
2014-04-13 17:00:19,149 - Velocimacro : adding VMs from VM library template : VM_global_library.vm
2014-04-13 17:00:19,154 - ResourceManager : unable to find resource 'VM_global_library.vm' in any resource loader.
2014-04-13 17:00:19,154 - Velocimacro : error using  VM library template VM_global_library.vm : org.apache.velocity.exception.ResourceNotFoundException: Unable to find resource 'VM_global_library.vm'
2014-04-13 17:00:19,154 - Velocimacro :  VM library template macro registration complete.
2014-04-13 17:00:19,154 - Velocimacro : allowInline = true : VMs can be defined inline in templates
2014-04-13 17:00:19,154 - Velocimacro : allowInlineToOverride = false : VMs defined inline may NOT replace previous VM definitions
2014-04-13 17:00:19,154 - Velocimacro : allowInlineLocal = false : VMs defined inline will be  global in scope if allowed.
2014-04-13 17:00:19,154 - Velocimacro : messages on  : VM system will output logging messages
2014-04-13 17:00:19,155 - Velocimacro : autoload off  : VM system will not automatically reload global library macros
2014-04-13 17:00:19,155 - Velocimacro : initialization complete.
2014-04-13 17:00:19,155 - Velocity successfully started.
2014-04-13 17:04:00,166 - SimpleLog4JLogSystem initialized using logfile 'velocity.log'
2014-04-13 17:04:00,167 - ************************************************************** 
2014-04-13 17:04:00,167 - Starting Jakarta Velocity v1.4
2014-04-13 17:04:00,167 - RuntimeInstance initializing.
2014-04-13 17:04:00,167 - Default Properties File: org\apache\velocity\runtime\defaults\velocity.properties
2014-04-13 17:04:00,167 - Trying to use logger class org.apache.velocity.runtime.log.SimpleLog4JLogSystem
2014-04-13 17:04:00,167 - Using logger class org.apache.velocity.runtime.log.SimpleLog4JLogSystem
2014-04-13 17:04:00,170 - Default ResourceManager initializing. (class org.apache.velocity.runtime.resource.ResourceManagerImpl)
2014-04-13 17:04:00,174 - Resource Loader Instantiated: org.apache.velocity.runtime.resource.loader.ClasspathResourceLoader
2014-04-13 17:04:00,174 - ClasspathResourceLoader : initialization starting.
2014-04-13 17:04:00,174 - ClasspathResourceLoader : initialization complete.
2014-04-13 17:04:00,176 - ResourceCache : initialized. (class org.apache.velocity.runtime.resource.ResourceCacheImpl)
2014-04-13 17:04:00,176 - Default ResourceManager initialization complete.
2014-04-13 17:04:00,178 - Loaded System Directive: org.apache.velocity.runtime.directive.Literal
2014-04-13 17:04:00,180 - Loaded System Directive: org.apache.velocity.runtime.directive.Macro
2014-04-13 17:04:00,184 - Loaded System Directive: org.apache.velocity.runtime.directive.Parse
2014-04-13 17:04:00,186 - Loaded System Directive: org.apache.velocity.runtime.directive.Include
2014-04-13 17:04:00,187 - Loaded System Directive: org.apache.velocity.runtime.directive.Foreach
2014-04-13 17:04:00,217 - Created: 20 parsers.
2014-04-13 17:04:00,227 - Velocimacro : initialization starting.
2014-04-13 17:04:00,227 - Velocimacro : adding VMs from VM library template : VM_global_library.vm
2014-04-13 17:04:00,233 - ResourceManager : unable to find resource 'VM_global_library.vm' in any resource loader.
2014-04-13 17:04:00,233 - Velocimacro : error using  VM library template VM_global_library.vm : org.apache.velocity.exception.ResourceNotFoundException: Unable to find resource 'VM_global_library.vm'
2014-04-13 17:04:00,233 - Velocimacro :  VM library template macro registration complete.
2014-04-13 17:04:00,233 - Velocimacro : allowInline = true : VMs can be defined inline in templates
2014-04-13 17:04:00,233 - Velocimacro : allowInlineToOverride = false : VMs defined inline may NOT replace previous VM definitions
2014-04-13 17:04:00,233 - Velocimacro : allowInlineLocal = false : VMs defined inline will be  global in scope if allowed.
2014-04-13 17:04:00,233 - Velocimacro : messages on  : VM system will output logging messages
2014-04-13 17:04:00,233 - Velocimacro : autoload off  : VM system will not automatically reload global library macros
2014-04-13 17:04:00,233 - Velocimacro : initialization complete.
2014-04-13 17:04:00,233 - Velocity successfully started.
2014-04-13 17:08:39,485 - SimpleLog4JLogSystem initialized using logfile 'velocity.log'
2014-04-13 17:08:39,485 - ************************************************************** 
2014-04-13 17:08:39,485 - Starting Jakarta Velocity v1.4
2014-04-13 17:08:39,485 - RuntimeInstance initializing.
2014-04-13 17:08:39,485 - Default Properties File: org\apache\velocity\runtime\defaults\velocity.properties
2014-04-13 17:08:39,485 - Trying to use logger class org.apache.velocity.runtime.log.SimpleLog4JLogSystem
2014-04-13 17:08:39,485 - Using logger class org.apache.velocity.runtime.log.SimpleLog4JLogSystem
2014-04-13 17:08:39,489 - Default ResourceManager initializing. (class org.apache.velocity.runtime.resource.ResourceManagerImpl)
2014-04-13 17:08:39,492 - Resource Loader Instantiated: org.apache.velocity.runtime.resource.loader.ClasspathResourceLoader
2014-04-13 17:08:39,492 - ClasspathResourceLoader : initialization starting.
2014-04-13 17:08:39,492 - ClasspathResourceLoader : initialization complete.
2014-04-13 17:08:39,494 - ResourceCache : initialized. (class org.apache.velocity.runtime.resource.ResourceCacheImpl)
2014-04-13 17:08:39,494 - Default ResourceManager initialization complete.
2014-04-13 17:08:39,496 - Loaded System Directive: org.apache.velocity.runtime.directive.Literal
2014-04-13 17:08:39,499 - Loaded System Directive: org.apache.velocity.runtime.directive.Macro
2014-04-13 17:08:39,502 - Loaded System Directive: org.apache.velocity.runtime.directive.Parse
2014-04-13 17:08:39,504 - Loaded System Directive: org.apache.velocity.runtime.directive.Include
2014-04-13 17:08:39,505 - Loaded System Directive: org.apache.velocity.runtime.directive.Foreach
2014-04-13 17:08:39,535 - Created: 20 parsers.
2014-04-13 17:08:39,545 - Velocimacro : initialization starting.
2014-04-13 17:08:39,545 - Velocimacro : adding VMs from VM library template : VM_global_library.vm
2014-04-13 17:08:39,550 - ResourceManager : unable to find resource 'VM_global_library.vm' in any resource loader.
2014-04-13 17:08:39,550 - Velocimacro : error using  VM library template VM_global_library.vm : org.apache.velocity.exception.ResourceNotFoundException: Unable to find resource 'VM_global_library.vm'
2014-04-13 17:08:39,550 - Velocimacro :  VM library template macro registration complete.
2014-04-13 17:08:39,550 - Velocimacro : allowInline = true : VMs can be defined inline in templates
2014-04-13 17:08:39,550 - Velocimacro : allowInlineToOverride = false : VMs defined inline may NOT replace previous VM definitions
2014-04-13 17:08:39,550 - Velocimacro : allowInlineLocal = false : VMs defined inline will be  global in scope if allowed.
2014-04-13 17:08:39,550 - Velocimacro : messages on  : VM system will output logging messages
2014-04-13 17:08:39,550 - Velocimacro : autoload off  : VM system will not automatically reload global library macros
2014-04-13 17:08:39,550 - Velocimacro : initialization complete.
2014-04-13 17:08:39,550 - Velocity successfully started.
2014-04-13 17:13:02,819 - SimpleLog4JLogSystem initialized using logfile 'velocity.log'
2014-04-13 17:13:02,819 - ************************************************************** 
2014-04-13 17:13:02,819 - Starting Jakarta Velocity v1.4
2014-04-13 17:13:02,819 - RuntimeInstance initializing.
2014-04-13 17:13:02,819 - Default Properties File: org\apache\velocity\runtime\defaults\velocity.properties
2014-04-13 17:13:02,819 - Trying to use logger class org.apache.velocity.runtime.log.SimpleLog4JLogSystem
2014-04-13 17:13:02,820 - Using logger class org.apache.velocity.runtime.log.SimpleLog4JLogSystem
2014-04-13 17:13:02,823 - Default ResourceManager initializing. (class org.apache.velocity.runtime.resource.ResourceManagerImpl)
2014-04-13 17:13:02,827 - Resource Loader Instantiated: org.apache.velocity.runtime.resource.loader.ClasspathResourceLoader
2014-04-13 17:13:02,827 - ClasspathResourceLoader : initialization starting.
2014-04-13 17:13:02,827 - ClasspathResourceLoader : initialization complete.
2014-04-13 17:13:02,829 - ResourceCache : initialized. (class org.apache.velocity.runtime.resource.ResourceCacheImpl)
2014-04-13 17:13:02,829 - Default ResourceManager initialization complete.
2014-04-13 17:13:02,832 - Loaded System Directive: org.apache.velocity.runtime.directive.Literal
2014-04-13 17:13:02,834 - Loaded System Directive: org.apache.velocity.runtime.directive.Macro
2014-04-13 17:13:02,838 - Loaded System Directive: org.apache.velocity.runtime.directive.Parse
2014-04-13 17:13:02,840 - Loaded System Directive: org.apache.velocity.runtime.directive.Include
2014-04-13 17:13:02,841 - Loaded System Directive: org.apache.velocity.runtime.directive.Foreach
2014-04-13 17:13:02,873 - Created: 20 parsers.
2014-04-13 17:13:02,883 - Velocimacro : initialization starting.
2014-04-13 17:13:02,883 - Velocimacro : adding VMs from VM library template : VM_global_library.vm
2014-04-13 17:13:02,889 - ResourceManager : unable to find resource 'VM_global_library.vm' in any resource loader.
2014-04-13 17:13:02,889 - Velocimacro : error using  VM library template VM_global_library.vm : org.apache.velocity.exception.ResourceNotFoundException: Unable to find resource 'VM_global_library.vm'
2014-04-13 17:13:02,889 - Velocimacro :  VM library template macro registration complete.
2014-04-13 17:13:02,890 - Velocimacro : allowInline = true : VMs can be defined inline in templates
2014-04-13 17:13:02,890 - Velocimacro : allowInlineToOverride = false : VMs defined inline may NOT replace previous VM definitions
2014-04-13 17:13:02,890 - Velocimacro : allowInlineLocal = false : VMs defined inline will be  global in scope if allowed.
2014-04-13 17:13:02,890 - Velocimacro : messages on  : VM system will output logging messages
2014-04-13 17:13:02,890 - Velocimacro : autoload off  : VM system will not automatically reload global library macros
2014-04-13 17:13:02,890 - Velocimacro : initialization complete.
2014-04-13 17:13:02,890 - Velocity successfully started.
2014-04-13 17:18:40,659 - SimpleLog4JLogSystem initialized using logfile 'velocity.log'
2014-04-13 17:18:40,659 - ************************************************************** 
2014-04-13 17:18:40,659 - Starting Jakarta Velocity v1.4
2014-04-13 17:18:40,659 - RuntimeInstance initializing.
2014-04-13 17:18:40,659 - Default Properties File: org\apache\velocity\runtime\defaults\velocity.properties
2014-04-13 17:18:40,659 - Trying to use logger class org.apache.velocity.runtime.log.SimpleLog4JLogSystem
2014-04-13 17:18:40,659 - Using logger class org.apache.velocity.runtime.log.SimpleLog4JLogSystem
2014-04-13 17:18:40,663 - Default ResourceManager initializing. (class org.apache.velocity.runtime.resource.ResourceManagerImpl)
2014-04-13 17:18:40,666 - Resource Loader Instantiated: org.apache.velocity.runtime.resource.loader.ClasspathResourceLoader
2014-04-13 17:18:40,666 - ClasspathResourceLoader : initialization starting.
2014-04-13 17:18:40,666 - ClasspathResourceLoader : initialization complete.
2014-04-13 17:18:40,668 - ResourceCache : initialized. (class org.apache.velocity.runtime.resource.ResourceCacheImpl)
2014-04-13 17:18:40,668 - Default ResourceManager initialization complete.
2014-04-13 17:18:40,670 - Loaded System Directive: org.apache.velocity.runtime.directive.Literal
2014-04-13 17:18:40,673 - Loaded System Directive: org.apache.velocity.runtime.directive.Macro
2014-04-13 17:18:40,676 - Loaded System Directive: org.apache.velocity.runtime.directive.Parse
2014-04-13 17:18:40,678 - Loaded System Directive: org.apache.velocity.runtime.directive.Include
2014-04-13 17:18:40,679 - Loaded System Directive: org.apache.velocity.runtime.directive.Foreach
2014-04-13 17:18:40,709 - Created: 20 parsers.
2014-04-13 17:18:40,719 - Velocimacro : initialization starting.
2014-04-13 17:18:40,719 - Velocimacro : adding VMs from VM library template : VM_global_library.vm
2014-04-13 17:18:40,724 - ResourceManager : unable to find resource 'VM_global_library.vm' in any resource loader.
2014-04-13 17:18:40,724 - Velocimacro : error using  VM library template VM_global_library.vm : org.apache.velocity.exception.ResourceNotFoundException: Unable to find resource 'VM_global_library.vm'
2014-04-13 17:18:40,724 - Velocimacro :  VM library template macro registration complete.
2014-04-13 17:18:40,725 - Velocimacro : allowInline = true : VMs can be defined inline in templates
2014-04-13 17:18:40,725 - Velocimacro : allowInlineToOverride = false : VMs defined inline may NOT replace previous VM definitions
2014-04-13 17:18:40,725 - Velocimacro : allowInlineLocal = false : VMs defined inline will be  global in scope if allowed.
2014-04-13 17:18:40,725 - Velocimacro : messages on  : VM system will output logging messages
2014-04-13 17:18:40,725 - Velocimacro : autoload off  : VM system will not automatically reload global library macros
2014-04-13 17:18:40,725 - Velocimacro : initialization complete.
2014-04-13 17:18:40,725 - Velocity successfully started.
2014-04-13 17:27:21,789 - SimpleLog4JLogSystem initialized using logfile 'velocity.log'
2014-04-13 17:27:21,790 - ************************************************************** 
2014-04-13 17:27:21,790 - Starting Jakarta Velocity v1.4
2014-04-13 17:27:21,790 - RuntimeInstance initializing.
2014-04-13 17:27:21,790 - Default Properties File: org\apache\velocity\runtime\defaults\velocity.properties
2014-04-13 17:27:21,790 - Trying to use logger class org.apache.velocity.runtime.log.SimpleLog4JLogSystem
2014-04-13 17:27:21,790 - Using logger class org.apache.velocity.runtime.log.SimpleLog4JLogSystem
2014-04-13 17:27:21,794 - Default ResourceManager initializing. (class org.apache.velocity.runtime.resource.ResourceManagerImpl)
2014-04-13 17:27:21,797 - Resource Loader Instantiated: org.apache.velocity.runtime.resource.loader.ClasspathResourceLoader
2014-04-13 17:27:21,797 - ClasspathResourceLoader : initialization starting.
2014-04-13 17:27:21,797 - ClasspathResourceLoader : initialization complete.
2014-04-13 17:27:21,799 - ResourceCache : initialized. (class org.apache.velocity.runtime.resource.ResourceCacheImpl)
2014-04-13 17:27:21,799 - Default ResourceManager initialization complete.
2014-04-13 17:27:21,801 - Loaded System Directive: org.apache.velocity.runtime.directive.Literal
2014-04-13 17:27:21,803 - Loaded System Directive: org.apache.velocity.runtime.directive.Macro
2014-04-13 17:27:21,807 - Loaded System Directive: org.apache.velocity.runtime.directive.Parse
2014-04-13 17:27:21,809 - Loaded System Directive: org.apache.velocity.runtime.directive.Include
2014-04-13 17:27:21,810 - Loaded System Directive: org.apache.velocity.runtime.directive.Foreach
2014-04-13 17:27:21,840 - Created: 20 parsers.
2014-04-13 17:27:21,850 - Velocimacro : initialization starting.
2014-04-13 17:27:21,850 - Velocimacro : adding VMs from VM library template : VM_global_library.vm
2014-04-13 17:27:21,855 - ResourceManager : unable to find resource 'VM_global_library.vm' in any resource loader.
2014-04-13 17:27:21,855 - Velocimacro : error using  VM library template VM_global_library.vm : org.apache.velocity.exception.ResourceNotFoundException: Unable to find resource 'VM_global_library.vm'
2014-04-13 17:27:21,855 - Velocimacro :  VM library template macro registration complete.
2014-04-13 17:27:21,855 - Velocimacro : allowInline = true : VMs can be defined inline in templates
2014-04-13 17:27:21,855 - Velocimacro : allowInlineToOverride = false : VMs defined inline may NOT replace previous VM definitions
2014-04-13 17:27:21,855 - Velocimacro : allowInlineLocal = false : VMs defined inline will be  global in scope if allowed.
2014-04-13 17:27:21,856 - Velocimacro : messages on  : VM system will output logging messages
2014-04-13 17:27:21,856 - Velocimacro : autoload off  : VM system will not automatically reload global library macros
2014-04-13 17:27:21,856 - Velocimacro : initialization complete.
2014-04-13 17:27:21,856 - Velocity successfully started.
2014-04-13 17:28:53,748 - SimpleLog4JLogSystem initialized using logfile 'velocity.log'
2014-04-13 17:28:53,748 - ************************************************************** 
2014-04-13 17:28:53,748 - Starting Jakarta Velocity v1.4
2014-04-13 17:28:53,748 - RuntimeInstance initializing.
2014-04-13 17:28:53,748 - Default Properties File: org\apache\velocity\runtime\defaults\velocity.properties
2014-04-13 17:28:53,748 - Trying to use logger class org.apache.velocity.runtime.log.SimpleLog4JLogSystem
2014-04-13 17:28:53,748 - Using logger class org.apache.velocity.runtime.log.SimpleLog4JLogSystem
2014-04-13 17:28:53,752 - Default ResourceManager initializing. (class org.apache.velocity.runtime.resource.ResourceManagerImpl)
2014-04-13 17:28:53,755 - Resource Loader Instantiated: org.apache.velocity.runtime.resource.loader.ClasspathResourceLoader
2014-04-13 17:28:53,755 - ClasspathResourceLoader : initialization starting.
2014-04-13 17:28:53,755 - ClasspathResourceLoader : initialization complete.
2014-04-13 17:28:53,757 - ResourceCache : initialized. (class org.apache.velocity.runtime.resource.ResourceCacheImpl)
2014-04-13 17:28:53,757 - Default ResourceManager initialization complete.
2014-04-13 17:28:53,759 - Loaded System Directive: org.apache.velocity.runtime.directive.Literal
2014-04-13 17:28:53,761 - Loaded System Directive: org.apache.velocity.runtime.directive.Macro
2014-04-13 17:28:53,765 - Loaded System Directive: org.apache.velocity.runtime.directive.Parse
2014-04-13 17:28:53,767 - Loaded System Directive: org.apache.velocity.runtime.directive.Include
2014-04-13 17:28:53,768 - Loaded System Directive: org.apache.velocity.runtime.directive.Foreach
2014-04-13 17:28:53,798 - Created: 20 parsers.
2014-04-13 17:28:53,808 - Velocimacro : initialization starting.
2014-04-13 17:28:53,808 - Velocimacro : adding VMs from VM library template : VM_global_library.vm
2014-04-13 17:28:53,813 - ResourceManager : unable to find resource 'VM_global_library.vm' in any resource loader.
2014-04-13 17:28:53,813 - Velocimacro : error using  VM library template VM_global_library.vm : org.apache.velocity.exception.ResourceNotFoundException: Unable to find resource 'VM_global_library.vm'
2014-04-13 17:28:53,813 - Velocimacro :  VM library template macro registration complete.
2014-04-13 17:28:53,813 - Velocimacro : allowInline = true : VMs can be defined inline in templates
2014-04-13 17:28:53,814 - Velocimacro : allowInlineToOverride = false : VMs defined inline may NOT replace previous VM definitions
2014-04-13 17:28:53,814 - Velocimacro : allowInlineLocal = false : VMs defined inline will be  global in scope if allowed.
2014-04-13 17:28:53,814 - Velocimacro : messages on  : VM system will output logging messages
2014-04-13 17:28:53,814 - Velocimacro : autoload off  : VM system will not automatically reload global library macros
2014-04-13 17:28:53,814 - Velocimacro : initialization complete.
2014-04-13 17:28:53,814 - Velocity successfully started.
2014-04-13 17:32:39,257 - SimpleLog4JLogSystem initialized using logfile 'velocity.log'
2014-04-13 17:32:39,258 - ************************************************************** 
2014-04-13 17:32:39,258 - Starting Jakarta Velocity v1.4
2014-04-13 17:32:39,258 - RuntimeInstance initializing.
2014-04-13 17:32:39,258 - Default Properties File: org\apache\velocity\runtime\defaults\velocity.properties
2014-04-13 17:32:39,258 - Trying to use logger class org.apache.velocity.runtime.log.SimpleLog4JLogSystem
2014-04-13 17:32:39,258 - Using logger class org.apache.velocity.runtime.log.SimpleLog4JLogSystem
2014-04-13 17:32:39,262 - Default ResourceManager initializing. (class org.apache.velocity.runtime.resource.ResourceManagerImpl)
2014-04-13 17:32:39,265 - Resource Loader Instantiated: org.apache.velocity.runtime.resource.loader.ClasspathResourceLoader
2014-04-13 17:32:39,265 - ClasspathResourceLoader : initialization starting.
2014-04-13 17:32:39,265 - ClasspathResourceLoader : initialization complete.
2014-04-13 17:32:39,267 - ResourceCache : initialized. (class org.apache.velocity.runtime.resource.ResourceCacheImpl)
2014-04-13 17:32:39,267 - Default ResourceManager initialization complete.
2014-04-13 17:32:39,269 - Loaded System Directive: org.apache.velocity.runtime.directive.Literal
2014-04-13 17:32:39,272 - Loaded System Directive: org.apache.velocity.runtime.directive.Macro
2014-04-13 17:32:39,275 - Loaded System Directive: org.apache.velocity.runtime.directive.Parse
2014-04-13 17:32:39,277 - Loaded System Directive: org.apache.velocity.runtime.directive.Include
2014-04-13 17:32:39,279 - Loaded System Directive: org.apache.velocity.runtime.directive.Foreach
2014-04-13 17:32:39,308 - Created: 20 parsers.
2014-04-13 17:32:39,318 - Velocimacro : initialization starting.
2014-04-13 17:32:39,318 - Velocimacro : adding VMs from VM library template : VM_global_library.vm
2014-04-13 17:32:39,324 - ResourceManager : unable to find resource 'VM_global_library.vm' in any resource loader.
2014-04-13 17:32:39,324 - Velocimacro : error using  VM library template VM_global_library.vm : org.apache.velocity.exception.ResourceNotFoundException: Unable to find resource 'VM_global_library.vm'
2014-04-13 17:32:39,324 - Velocimacro :  VM library template macro registration complete.
2014-04-13 17:32:39,324 - Velocimacro : allowInline = true : VMs can be defined inline in templates
2014-04-13 17:32:39,324 - Velocimacro : allowInlineToOverride = false : VMs defined inline may NOT replace previous VM definitions
2014-04-13 17:32:39,324 - Velocimacro : allowInlineLocal = false : VMs defined inline will be  global in scope if allowed.
2014-04-13 17:32:39,324 - Velocimacro : messages on  : VM system will output logging messages
2014-04-13 17:32:39,324 - Velocimacro : autoload off  : VM system will not automatically reload global library macros
2014-04-13 17:32:39,324 - Velocimacro : initialization complete.
2014-04-13 17:32:39,324 - Velocity successfully started.
2014-04-13 17:33:53,402 - SimpleLog4JLogSystem initialized using logfile 'velocity.log'
2014-04-13 17:33:53,402 - ************************************************************** 
2014-04-13 17:33:53,402 - Starting Jakarta Velocity v1.4
2014-04-13 17:33:53,402 - RuntimeInstance initializing.
2014-04-13 17:33:53,402 - Default Properties File: org\apache\velocity\runtime\defaults\velocity.properties
2014-04-13 17:33:53,402 - Trying to use logger class org.apache.velocity.runtime.log.SimpleLog4JLogSystem
2014-04-13 17:33:53,402 - Using logger class org.apache.velocity.runtime.log.SimpleLog4JLogSystem
2014-04-13 17:33:53,406 - Default ResourceManager initializing. (class org.apache.velocity.runtime.resource.ResourceManagerImpl)
2014-04-13 17:33:53,409 - Resource Loader Instantiated: org.apache.velocity.runtime.resource.loader.ClasspathResourceLoader
2014-04-13 17:33:53,410 - ClasspathResourceLoader : initialization starting.
2014-04-13 17:33:53,410 - ClasspathResourceLoader : initialization complete.
2014-04-13 17:33:53,412 - ResourceCache : initialized. (class org.apache.velocity.runtime.resource.ResourceCacheImpl)
2014-04-13 17:33:53,412 - Default ResourceManager initialization complete.
2014-04-13 17:33:53,414 - Loaded System Directive: org.apache.velocity.runtime.directive.Literal
2014-04-13 17:33:53,416 - Loaded System Directive: org.apache.velocity.runtime.directive.Macro
2014-04-13 17:33:53,419 - Loaded System Directive: org.apache.velocity.runtime.directive.Parse
2014-04-13 17:33:53,422 - Loaded System Directive: org.apache.velocity.runtime.directive.Include
2014-04-13 17:33:53,423 - Loaded System Directive: org.apache.velocity.runtime.directive.Foreach
2014-04-13 17:33:53,453 - Created: 20 parsers.
2014-04-13 17:33:53,462 - Velocimacro : initialization starting.
2014-04-13 17:33:53,462 - Velocimacro : adding VMs from VM library template : VM_global_library.vm
2014-04-13 17:33:53,468 - ResourceManager : unable to find resource 'VM_global_library.vm' in any resource loader.
2014-04-13 17:33:53,468 - Velocimacro : error using  VM library template VM_global_library.vm : org.apache.velocity.exception.ResourceNotFoundException: Unable to find resource 'VM_global_library.vm'
2014-04-13 17:33:53,468 - Velocimacro :  VM library template macro registration complete.
2014-04-13 17:33:53,468 - Velocimacro : allowInline = true : VMs can be defined inline in templates
2014-04-13 17:33:53,468 - Velocimacro : allowInlineToOverride = false : VMs defined inline may NOT replace previous VM definitions
2014-04-13 17:33:53,468 - Velocimacro : allowInlineLocal = false : VMs defined inline will be  global in scope if allowed.
2014-04-13 17:33:53,468 - Velocimacro : messages on  : VM system will output logging messages
2014-04-13 17:33:53,468 - Velocimacro : autoload off  : VM system will not automatically reload global library macros
2014-04-13 17:33:53,468 - Velocimacro : initialization complete.
2014-04-13 17:33:53,468 - Velocity successfully started.
2014-04-13 17:34:30,755 - SimpleLog4JLogSystem initialized using logfile 'velocity.log'
2014-04-13 17:34:30,755 - ************************************************************** 
2014-04-13 17:34:30,755 - Starting Jakarta Velocity v1.4
2014-04-13 17:34:30,755 - RuntimeInstance initializing.
2014-04-13 17:34:30,755 - Default Properties File: org\apache\velocity\runtime\defaults\velocity.properties
2014-04-13 17:34:30,755 - Trying to use logger class org.apache.velocity.runtime.log.SimpleLog4JLogSystem
2014-04-13 17:34:30,755 - Using logger class org.apache.velocity.runtime.log.SimpleLog4JLogSystem
2014-04-13 17:34:30,759 - Default ResourceManager initializing. (class org.apache.velocity.runtime.resource.ResourceManagerImpl)
2014-04-13 17:34:30,762 - Resource Loader Instantiated: org.apache.velocity.runtime.resource.loader.ClasspathResourceLoader
2014-04-13 17:34:30,762 - ClasspathResourceLoader : initialization starting.
2014-04-13 17:34:30,762 - ClasspathResourceLoader : initialization complete.
2014-04-13 17:34:30,765 - ResourceCache : initialized. (class org.apache.velocity.runtime.resource.ResourceCacheImpl)
2014-04-13 17:34:30,765 - Default ResourceManager initialization complete.
2014-04-13 17:34:30,767 - Loaded System Directive: org.apache.velocity.runtime.directive.Literal
2014-04-13 17:34:30,769 - Loaded System Directive: org.apache.velocity.runtime.directive.Macro
2014-04-13 17:34:30,772 - Loaded System Directive: org.apache.velocity.runtime.directive.Parse
2014-04-13 17:34:30,775 - Loaded System Directive: org.apache.velocity.runtime.directive.Include
2014-04-13 17:34:30,776 - Loaded System Directive: org.apache.velocity.runtime.directive.Foreach
2014-04-13 17:34:30,805 - Created: 20 parsers.
2014-04-13 17:34:30,815 - Velocimacro : initialization starting.
2014-04-13 17:34:30,815 - Velocimacro : adding VMs from VM library template : VM_global_library.vm
2014-04-13 17:34:30,821 - ResourceManager : unable to find resource 'VM_global_library.vm' in any resource loader.
2014-04-13 17:34:30,821 - Velocimacro : error using  VM library template VM_global_library.vm : org.apache.velocity.exception.ResourceNotFoundException: Unable to find resource 'VM_global_library.vm'
2014-04-13 17:34:30,821 - Velocimacro :  VM library template macro registration complete.
2014-04-13 17:34:30,821 - Velocimacro : allowInline = true : VMs can be defined inline in templates
2014-04-13 17:34:30,821 - Velocimacro : allowInlineToOverride = false : VMs defined inline may NOT replace previous VM definitions
2014-04-13 17:34:30,821 - Velocimacro : allowInlineLocal = false : VMs defined inline will be  global in scope if allowed.
2014-04-13 17:34:30,821 - Velocimacro : messages on  : VM system will output logging messages
2014-04-13 17:34:30,821 - Velocimacro : autoload off  : VM system will not automatically reload global library macros
2014-04-13 17:34:30,821 - Velocimacro : initialization complete.
2014-04-13 17:34:30,821 - Velocity successfully started.
2014-04-13 17:39:31,728 - SimpleLog4JLogSystem initialized using logfile 'velocity.log'
2014-04-13 17:39:31,728 - ************************************************************** 
2014-04-13 17:39:31,729 - Starting Jakarta Velocity v1.4
2014-04-13 17:39:31,729 - RuntimeInstance initializing.
2014-04-13 17:39:31,729 - Default Properties File: org\apache\velocity\runtime\defaults\velocity.properties
2014-04-13 17:39:31,729 - Trying to use logger class org.apache.velocity.runtime.log.SimpleLog4JLogSystem
2014-04-13 17:39:31,729 - Using logger class org.apache.velocity.runtime.log.SimpleLog4JLogSystem
2014-04-13 17:39:31,732 - Default ResourceManager initializing. (class org.apache.velocity.runtime.resource.ResourceManagerImpl)
2014-04-13 17:39:31,736 - Resource Loader Instantiated: org.apache.velocity.runtime.resource.loader.ClasspathResourceLoader
2014-04-13 17:39:31,736 - ClasspathResourceLoader : initialization starting.
2014-04-13 17:39:31,736 - ClasspathResourceLoader : initialization complete.
2014-04-13 17:39:31,738 - ResourceCache : initialized. (class org.apache.velocity.runtime.resource.ResourceCacheImpl)
2014-04-13 17:39:31,738 - Default ResourceManager initialization complete.
2014-04-13 17:39:31,740 - Loaded System Directive: org.apache.velocity.runtime.directive.Literal
2014-04-13 17:39:31,742 - Loaded System Directive: org.apache.velocity.runtime.directive.Macro
2014-04-13 17:39:31,745 - Loaded System Directive: org.apache.velocity.runtime.directive.Parse
2014-04-13 17:39:31,748 - Loaded System Directive: org.apache.velocity.runtime.directive.Include
2014-04-13 17:39:31,749 - Loaded System Directive: org.apache.velocity.runtime.directive.Foreach
2014-04-13 17:39:31,778 - Created: 20 parsers.
2014-04-13 17:39:31,788 - Velocimacro : initialization starting.
2014-04-13 17:39:31,788 - Velocimacro : adding VMs from VM library template : VM_global_library.vm
2014-04-13 17:39:31,794 - ResourceManager : unable to find resource 'VM_global_library.vm' in any resource loader.
2014-04-13 17:39:31,794 - Velocimacro : error using  VM library template VM_global_library.vm : org.apache.velocity.exception.ResourceNotFoundException: Unable to find resource 'VM_global_library.vm'
2014-04-13 17:39:31,794 - Velocimacro :  VM library template macro registration complete.
2014-04-13 17:39:31,794 - Velocimacro : allowInline = true : VMs can be defined inline in templates
2014-04-13 17:39:31,794 - Velocimacro : allowInlineToOverride = false : VMs defined inline may NOT replace previous VM definitions
2014-04-13 17:39:31,794 - Velocimacro : allowInlineLocal = false : VMs defined inline will be  global in scope if allowed.
2014-04-13 17:39:31,794 - Velocimacro : messages on  : VM system will output logging messages
2014-04-13 17:39:31,794 - Velocimacro : autoload off  : VM system will not automatically reload global library macros
2014-04-13 17:39:31,794 - Velocimacro : initialization complete.
2014-04-13 17:39:31,794 - Velocity successfully started.
2014-04-13 17:42:29,029 - SimpleLog4JLogSystem initialized using logfile 'velocity.log'
2014-04-13 17:42:29,029 - ************************************************************** 
2014-04-13 17:42:29,029 - Starting Jakarta Velocity v1.4
2014-04-13 17:42:29,029 - RuntimeInstance initializing.
2014-04-13 17:42:29,029 - Default Properties File: org\apache\velocity\runtime\defaults\velocity.properties
2014-04-13 17:42:29,029 - Trying to use logger class org.apache.velocity.runtime.log.SimpleLog4JLogSystem
2014-04-13 17:42:29,029 - Using logger class org.apache.velocity.runtime.log.SimpleLog4JLogSystem
2014-04-13 17:42:29,033 - Default ResourceManager initializing. (class org.apache.velocity.runtime.resource.ResourceManagerImpl)
2014-04-13 17:42:29,037 - Resource Loader Instantiated: org.apache.velocity.runtime.resource.loader.ClasspathResourceLoader
2014-04-13 17:42:29,037 - ClasspathResourceLoader : initialization starting.
2014-04-13 17:42:29,037 - ClasspathResourceLoader : initialization complete.
2014-04-13 17:42:29,041 - ResourceCache : initialized. (class org.apache.velocity.runtime.resource.ResourceCacheImpl)
2014-04-13 17:42:29,041 - Default ResourceManager initialization complete.
2014-04-13 17:42:29,043 - Loaded System Directive: org.apache.velocity.runtime.directive.Literal
2014-04-13 17:42:29,046 - Loaded System Directive: org.apache.velocity.runtime.directive.Macro
2014-04-13 17:42:29,049 - Loaded System Directive: org.apache.velocity.runtime.directive.Parse
2014-04-13 17:42:29,052 - Loaded System Directive: org.apache.velocity.runtime.directive.Include
2014-04-13 17:42:29,053 - Loaded System Directive: org.apache.velocity.runtime.directive.Foreach
2014-04-13 17:42:29,085 - Created: 20 parsers.
2014-04-13 17:42:29,096 - Velocimacro : initialization starting.
2014-04-13 17:42:29,096 - Velocimacro : adding VMs from VM library template : VM_global_library.vm
2014-04-13 17:42:29,102 - ResourceManager : unable to find resource 'VM_global_library.vm' in any resource loader.
2014-04-13 17:42:29,102 - Velocimacro : error using  VM library template VM_global_library.vm : org.apache.velocity.exception.ResourceNotFoundException: Unable to find resource 'VM_global_library.vm'
2014-04-13 17:42:29,102 - Velocimacro :  VM library template macro registration complete.
2014-04-13 17:42:29,102 - Velocimacro : allowInline = true : VMs can be defined inline in templates
2014-04-13 17:42:29,102 - Velocimacro : allowInlineToOverride = false : VMs defined inline may NOT replace previous VM definitions
2014-04-13 17:42:29,102 - Velocimacro : allowInlineLocal = false : VMs defined inline will be  global in scope if allowed.
2014-04-13 17:42:29,102 - Velocimacro : messages on  : VM system will output logging messages
2014-04-13 17:42:29,103 - Velocimacro : autoload off  : VM system will not automatically reload global library macros
2014-04-13 17:42:29,103 - Velocimacro : initialization complete.
2014-04-13 17:42:29,103 - Velocity successfully started.
2014-04-13 17:48:54,318 - SimpleLog4JLogSystem initialized using logfile 'velocity.log'
2014-04-13 17:48:54,318 - ************************************************************** 
2014-04-13 17:48:54,318 - Starting Jakarta Velocity v1.4
2014-04-13 17:48:54,318 - RuntimeInstance initializing.
2014-04-13 17:48:54,318 - Default Properties File: org\apache\velocity\runtime\defaults\velocity.properties
2014-04-13 17:48:54,318 - Trying to use logger class org.apache.velocity.runtime.log.SimpleLog4JLogSystem
2014-04-13 17:48:54,319 - Using logger class org.apache.velocity.runtime.log.SimpleLog4JLogSystem
2014-04-13 17:48:54,322 - Default ResourceManager initializing. (class org.apache.velocity.runtime.resource.ResourceManagerImpl)
2014-04-13 17:48:54,326 - Resource Loader Instantiated: org.apache.velocity.runtime.resource.loader.ClasspathResourceLoader
2014-04-13 17:48:54,326 - ClasspathResourceLoader : initialization starting.
2014-04-13 17:48:54,326 - ClasspathResourceLoader : initialization complete.
2014-04-13 17:48:54,328 - ResourceCache : initialized. (class org.apache.velocity.runtime.resource.ResourceCacheImpl)
2014-04-13 17:48:54,328 - Default ResourceManager initialization complete.
2014-04-13 17:48:54,330 - Loaded System Directive: org.apache.velocity.runtime.directive.Literal
2014-04-13 17:48:54,333 - Loaded System Directive: org.apache.velocity.runtime.directive.Macro
2014-04-13 17:48:54,336 - Loaded System Directive: org.apache.velocity.runtime.directive.Parse
2014-04-13 17:48:54,338 - Loaded System Directive: org.apache.velocity.runtime.directive.Include
2014-04-13 17:48:54,339 - Loaded System Directive: org.apache.velocity.runtime.directive.Foreach
2014-04-13 17:48:54,369 - Created: 20 parsers.
2014-04-13 17:48:54,379 - Velocimacro : initialization starting.
2014-04-13 17:48:54,379 - Velocimacro : adding VMs from VM library template : VM_global_library.vm
2014-04-13 17:48:54,384 - ResourceManager : unable to find resource 'VM_global_library.vm' in any resource loader.
2014-04-13 17:48:54,385 - Velocimacro : error using  VM library template VM_global_library.vm : org.apache.velocity.exception.ResourceNotFoundException: Unable to find resource 'VM_global_library.vm'
2014-04-13 17:48:54,385 - Velocimacro :  VM library template macro registration complete.
2014-04-13 17:48:54,385 - Velocimacro : allowInline = true : VMs can be defined inline in templates
2014-04-13 17:48:54,385 - Velocimacro : allowInlineToOverride = false : VMs defined inline may NOT replace previous VM definitions
2014-04-13 17:48:54,385 - Velocimacro : allowInlineLocal = false : VMs defined inline will be  global in scope if allowed.
2014-04-13 17:48:54,385 - Velocimacro : messages on  : VM system will output logging messages
2014-04-13 17:48:54,385 - Velocimacro : autoload off  : VM system will not automatically reload global library macros
2014-04-13 17:48:54,385 - Velocimacro : initialization complete.
2014-04-13 17:48:54,385 - Velocity successfully started.
